("Stalling",(-1,-1))
("NAT update",(71153,21664))
("Stalling",(71153,21664))
("NAT update",(71153,18990))
("NAT update",(71153,21041))
("NAT update",(71153,22934))
("NAT update",(71153,21941))
("NAT update",(71153,21024))
("NAT update",(71153,20177))
("Stalling",(71153,20177))
("NAT update",(71153,17973))
("NAT update",(71153,19533))
("NAT update",(71153,20987))
("NAT update",(71153,20289))
("NAT update",(71153,19639))
("NAT update",(71153,19034))
("Stalling",(71153,19034))
("NAT update",(71153,17339))
("NAT update",(71153,18457))
("NAT update",(71153,19511))
("NAT update",(71153,19045))
("NAT update",(71153,18606))
("NAT update",(71153,18192))
("Stalling",(71153,18192))
("NAT update",(71153,16944))
("NAT update",(71153,17721))
("NAT update",(71153,18463))
("NAT update",(71153,18158))
("NAT update",(71153,17866))
("NAT update",(71153,17587))
("Stalling",(71153,17587))
("NAT update",(71153,16691))
("NAT update",(71153,17224))
("NAT update",(71153,17739))
("NAT update",(71153,17539))
("NAT update",(71153,17345))
("NAT update",(71153,17158))
("Stalling",(71153,17158))
("NAT update",(71153,16522))
("NAT update",(71153,16888))
("NAT update",(71153,17245))
("NAT update",(71153,17112))
("NAT update",(71153,16982))
("NAT update",(71153,16856))
("Stalling",(71153,16856))
("NAT update",(71153,16408))
("NAT update",(71153,16659))
("NAT update",(71153,16906))
("NAT update",(71153,16817))
("NAT update",(71153,16730))
("NAT update",(71153,16644))
("Stalling",(71153,16644))
("NAT update",(71153,16330))
("NAT update",(71153,16503))
("NAT update",(71153,16674))
("NAT update",(71153,16614))
("NAT update",(71153,16554))
("NAT update",(71153,16495))
("Stalling",(71153,16495))
("NAT update",(71153,16275))
("NAT update",(71153,16395))
("NAT update",(71153,16514))
("NAT update",(71153,16472))
("NAT update",(71153,16432))
("NAT update",(71153,16391))
("Stalling",(71153,16391))
("NAT update",(71153,16237))
("NAT update",(71153,16320))
("NAT update",(71153,16403))
("NAT update",(71153,16374))
("NAT update",(71153,16346))
("NAT update",(71153,16318))
("Stalling",(71153,16318))
("NAT update",(71153,16210))
("NAT update",(71153,16268))
("NAT update",(71153,16326))
("NAT update",(71153,16306))
("NAT update",(71153,16287))
("NAT update",(71153,16267))
("Stalling",(71153,16267))
("NAT update",(71153,16191))
("NAT update",(71153,16232))
("NAT update",(71153,16272))
("NAT update",(71153,16258))
("NAT update",(71153,16245))
("NAT update",(71153,16231))
("Stalling",(71153,16231))
("NAT update",(71153,16178))
("NAT update",(71153,16206))
("NAT update",(71153,16235))
("NAT update",(71153,16225))
("NAT update",(71153,16216))
("NAT update",(71153,16206))
("Stalling",(71153,16206))
("NAT update",(71153,16169))
("NAT update",(71153,16189))
("NAT update",(71153,16182))
("NAT update",(71153,16202))
("NAT update",(71153,16195))
("NAT update",(71153,16189))
("Stalling",(71153,16189))
("NAT update",(71153,16163))
("NAT update",(71153,16177))
("NAT update",(71153,16190))
("NAT update",(71153,16186))
("NAT update",(71153,16181))
("NAT update",(71153,16177))
("Stalling",(71153,16177))
("NAT update",(71153,16159))
("NAT update",(71153,16168))
("NAT update",(71153,16178))
("NAT update",(71153,16175))
("NAT update",(71153,16172))
("NAT update",(71153,16168))
("Stalling",(71153,16168))
("NAT update",(71153,16155))
("NAT update",(71153,16162))
("NAT update",(71153,16169))
("NAT update",(71153,16167))
("NAT update",(71153,16164))
("NAT update",(71153,16162))
("Stalling",(71153,16162))
("NAT update",(71153,16153))
("NAT update",(71153,16158))
("NAT update",(71153,16163))
("NAT update",(71153,16161))
("NAT update",(71153,16159))
("NAT update",(71153,16158))
("Stalling",(71153,16158))
("NAT update",(71153,16152))
("NAT update",(71153,16155))
("NAT update",(71153,16158))
("NAT update",(71153,16157))
("NAT update",(71153,16156))
("NAT update",(71153,16155))
("Stalling",(71153,16155))
("NAT update",(71153,16151))
("NAT update",(71153,16153))
("NAT update",(71153,16155))
("NAT update",(71153,16155))
("NAT update",(71153,16154))
("NAT update",(71153,16153))
("Stalling",(71153,16153))
("NAT update",(71153,16150))
("NAT update",(71153,16152))
("NAT update",(71153,16153))
("NAT update",(71153,16153))
("NAT update",(71153,16152))
("NAT update",(71153,16152))
("Stalling",(71153,16152))
("NAT update",(71153,16150))
("NAT update",(71153,16151))
("NAT update",(71153,16152))
("NAT update",(71153,16151))
("NAT update",(71153,16151))
("NAT update",(71153,16151))
("Stalling",(71153,16151))
("NAT update",(71153,16149))
("NAT update",(71153,16150))
("NAT update",(71153,16151))
("NAT update",(71153,16151))
("NAT update",(71153,16150))
("NAT update",(71153,16150))
("Stalling",(71153,16150))
("NAT update",(71153,16149))
("NAT update",(71153,16150))
("NAT update",(71153,16150))
("NAT update",(71153,16150))
("NAT update",(71153,16150))
("NAT update",(71153,16150))
("Stalling",(71153,16150))
("Stalling",(71153,16150))
("Stalling",(71153,16150))
("Stalling",(71153,16150))
("Stalling",(71153,16150))
("Stalling",(71153,16150))
("Stalling",(71153,16150))
("Stalling",(71153,16150))
("Stalling",(71153,16150))
("Stalling",(71153,16150))
("Stalling",(71153,16150))
("Stalling",(71153,16150))
("Stalling",(71153,16150))
("Stalling",(71153,16150))
("Stalling",(71153,16150))
("Stalling",(71153,16150))
("Stalling",(71153,16150))
("Stalling",(71153,16150))
("Stalling",(71153,16150))
("Stalling",(71153,16150))
("Stalling",(71153,16150))
("Stalling",(71153,16150))
("Stalling",(71153,16150))
("Stalling",(71153,16150))
("Stalling",(71153,16150))
("Stalling",(71153,16150))
("Stalling",(71153,16150))
("Stalling",(71153,16150))
("Stalling",(71153,16150))
("Stalling",(71153,16150))
("Stalling",(71153,16150))
("Stalling",(71153,16150))
("Stalling",(71153,16150))
("Stalling",(71153,16150))
("Stalling",(71153,16150))
("Stalling",(71153,16150))
("Stalling",(71153,16150))
("Stalling",(71153,16150))
("Stalling",(71153,16150))
("Stalling",(71153,16150))
("Stalling",(71153,16150))
("Stalling",(71153,16150))
("Stalling",(71153,16150))
("Stalling",(71153,16150))
("Stalling",(71153,16150))
("Stalling",(71153,16150))
("Stalling",(71153,16150))
("Stalling",(71153,16150))
("Stalling",(71153,16150))
("Stalling",(71153,16150))
("Stalling",(71153,16150))
("Stalling",(71153,16150))
("Stalling",(71153,16150))
("Stalling",(71153,16150))
("Stalling",(71153,16150))
("Stalling",(71153,16150))
("Stalling",(71153,16150))
("Stalling",(71153,16150))
("Stalling",(71153,16150))
("Stalling",(71153,16150))
("Stalling",(71153,16150))
("Stalling",(71153,16150))
("Stalling",(71153,16150))
("Stalling",(71153,16150))
("Stalling",(71153,16150))
("Stalling",(71153,16150))
("Stalling",(71153,16150))
("Stalling",(71153,16150))
("Stalling",(71153,16150))
("Stalling",(71153,16150))
("Stalling",(71153,16150))
("Stalling",(71153,16150))
("Stalling",(71153,16150))
("Stalling",(71153,16150))
("Stalling",(71153,16150))
("Stalling",(71153,16150))
("Stalling",(71153,16150))
("Stalling",(71153,16150))
("Stalling",(71153,16150))
("Stalling",(71153,16150))
("Stalling",(71153,16150))
("Stalling",(71153,16150))
("Stalling",(71153,16150))
("Stalling",(71153,16150))
("Stalling",(71153,16150))
("Stalling",(71153,16150))
("Stalling",(71153,16150))
("Stalling",(71153,16150))
("Stalling",(71153,16150))
("Stalling",(71153,16150))
("Stalling",(71153,16150))
("Stalling",(71153,16150))
("Stalling",(71153,16150))
("Stalling",(71153,16150))
("Stalling",(71153,16150))
("Stalling",(71153,16150))
("Stalling",(71153,16150))
("Stalling",(71153,16150))
("Stalling",(71153,16150))
("Stalling",(71153,16150))
("Stalling",(71153,16150))
("Stalling",(71153,16150))
("Stalling",(71153,16150))
("Stalling",(71153,16150))
("Stalling",(71153,16150))
("Stalling",(71153,16150))
("Stalling",(71153,16150))
("Stalling",(71153,16150))
("Stalling",(71153,16150))
("Stalling",(71153,16150))
("Stalling",(71153,16150))
("Stalling",(71153,16150))
("Stalling",(71153,16150))
("Stalling",(71153,16150))
("Stalling",(71153,16150))
("Stalling",(71153,16150))
("Stalling",(71153,16150))
("Stalling",(71153,16150))
("Stalling",(71153,16150))
("Stalling",(71153,16150))
("Stalling",(71153,16150))
("Stalling",(71153,16150))
("Stalling",(71153,16150))
("Stalling",(71153,16150))
("Stalling",(71153,16150))
("Stalling",(71153,16150))
("Stalling",(71153,16150))
("Stalling",(71153,16150))
("Stalling",(71153,16150))
("Stalling",(71153,16150))
("Stalling",(71153,16150))
("Stalling",(71153,16150))
("Stalling",(71153,16150))
("Stalling",(71153,16150))
("Stalling",(71153,16150))
("Stalling",(71153,16150))
("Stalling",(71153,16150))
("Stalling",(71153,16150))
("Stalling",(71153,16150))
("Stalling",(71153,16150))
("Stalling",(71153,16150))
("Stalling",(71153,16150))
("Stalling",(71153,16150))
("Stalling",(71153,16150))
("Stalling",(71153,16150))
("Stalling",(71153,16150))
("Stalling",(71153,16150))
("Stalling",(71153,16150))
("Stalling",(71153,16150))
("Stalling",(71153,16150))
("Stalling",(71153,16150))
("Stalling",(71153,16150))
("Stalling",(71153,16150))
("Stalling",(71153,16150))
("Stalling",(71153,16150))
("Stalling",(71153,16150))
("Stalling",(71153,16150))
("Stalling",(71153,16150))
("Stalling",(71153,16150))
("Stalling",(71153,16150))
("Stalling",(71153,16150))
("Stalling",(71153,16150))
("Stalling",(71153,16150))
("Stalling",(71153,16150))
("Stalling",(71153,16150))
("Stalling",(71153,16150))
("Stalling",(71153,16150))
("Stalling",(71153,16150))
("Stalling",(71153,16150))
("Stalling",(71153,16150))
("Stalling",(71153,16150))
("Stalling",(71153,16150))
("Stalling",(71153,16150))
("Stalling",(71153,16150))
("Stalling",(71153,16150))
("Stalling",(71153,16150))
("Stalling",(71153,16150))
("Stalling",(71153,16150))
("Stalling",(71153,16150))
("Stalling",(71153,16150))
("Stalling",(71153,16150))
("Stalling",(71153,16150))
("Stalling",(71153,16150))
("Stalling",(71153,16150))
("Stalling",(71153,16150))
("Stalling",(71153,16150))
("Stalling",(71153,16150))
("Stalling",(71153,16150))
("Stalling",(71153,16150))
("Stalling",(71153,16150))
("Stalling",(71153,16150))
("Stalling",(71153,16150))
("Stalling",(71153,16150))
("Stalling",(71153,16150))
("Stalling",(71153,16150))
("Stalling",(71153,16150))
("Stalling",(71153,16150))
("Stalling",(71153,16150))
("Stalling",(71153,16150))
("Stalling",(71153,16150))
("Stalling",(71153,16150))
("Stalling",(71153,16150))
("Stalling",(71153,16150))
("Stalling",(71153,16150))
("Stalling",(71153,16150))
("Stalling",(71153,16150))
("Stalling",(71153,16150))
("Stalling",(71153,16150))
("Stalling",(71153,16150))
("Stalling",(71153,16150))
("Stalling",(71153,16150))
("Stalling",(71153,16150))
("Stalling",(71153,16150))
("Stalling",(71153,16150))
("Stalling",(71153,16150))
("Stalling",(71153,16150))
("Stalling",(71153,16150))
("Stalling",(71153,16150))
("Stalling",(71153,16150))
("Stalling",(71153,16150))
("Stalling",(71153,16150))
("Stalling",(71153,16150))
("Stalling",(71153,16150))
("Stalling",(71153,16150))
("Stalling",(71153,16150))
("Stalling",(71153,16150))
("Stalling",(71153,16150))
("Stalling",(71153,16150))
("Stalling",(71153,16150))
("Stalling",(71153,16150))
("Stalling",(71153,16150))
("Stalling",(71153,16150))
("Stalling",(71153,16150))
("Stalling",(71153,16150))
("Stalling",(71153,16150))
("Stalling",(71153,16150))
("Stalling",(71153,16150))
("Stalling",(71153,16150))
("Stalling",(71153,16150))
("Stalling",(71153,16150))
("Stalling",(71153,16150))
("Stalling",(71153,16150))
("Stalling",(71153,16150))
("Stalling",(71153,16150))
("Stalling",(71153,16150))
("Stalling",(71153,16150))
("Stalling",(71153,16150))
("Stalling",(71153,16150))
("Stalling",(71153,16150))
("Stalling",(71153,16150))
("Stalling",(71153,16150))
("Stalling",(71153,16150))
("Stalling",(71153,16150))
("Stalling",(71153,16150))
("Stalling",(71153,16150))
("Stalling",(71153,16150))
("Stalling",(71153,16150))
("Stalling",(71153,16150))
("Stalling",(71153,16150))
("Stalling",(71153,16150))
("Stalling",(71153,16150))
("Stalling",(71153,16150))
("Stalling",(71153,16150))
("Stalling",(71153,16150))
("Stalling",(71153,16150))
("Stalling",(71153,16150))
("Stalling",(71153,16150))
("Stalling",(71153,16150))
("Stalling",(71153,16150))
("Stalling",(71153,16150))
("Stalling",(71153,16150))
("Stalling",(71153,16150))
("Stalling",(71153,16150))
("Stalling",(71153,16150))
("Stalling",(71153,16150))
("Stalling",(71153,16150))
("Stalling",(71153,16150))
("Stalling",(71153,16150))
("Stalling",(71153,16150))
("Stalling",(71153,16150))
("Stalling",(71153,16150))
("Stalling",(71153,16150))
("Stalling",(71153,16150))
("Stalling",(71153,16150))
("Stalling",(71153,16150))
("Stalling",(71153,16150))
("Stalling",(71153,16150))
("Stalling",(71153,16150))
("Stalling",(71153,16150))
("Stalling",(71153,16150))
("Stalling",(71153,16150))
("Stalling",(71153,16150))
("Stalling",(71153,16150))
("Stalling",(71153,16150))
("Stalling",(71153,16150))
("Stalling",(71153,16150))
("Stalling",(71153,16150))
("Stalling",(71153,16150))
("Stalling",(71153,16150))
("Stalling",(71153,16150))
("Stalling",(71153,16150))
("Stalling",(71153,16150))
("Stalling",(71153,16150))
("Stalling",(71153,16150))
("Stalling",(71153,16150))
("Stalling",(71153,16150))
("Stalling",(71153,16150))
("Stalling",(71153,16150))
("Stalling",(71153,16150))
("Stalling",(71153,16150))
("Stalling",(71153,16150))
("Stalling",(71153,16150))
("Stalling",(71153,16150))
("Stalling",(71153,16150))
("Stalling",(71153,16150))
("Stalling",(71153,16150))
("Stalling",(71153,16150))
("Stalling",(71153,16150))
("Stalling",(71153,16150))
("Stalling",(71153,16150))
("Stalling",(71153,16150))
("Stalling",(71153,16150))
("Stalling",(71153,16150))
("Stalling",(71153,16150))
("Stalling",(71153,16150))
("Stalling",(71153,16150))
("Stalling",(71153,16150))
("Stalling",(71153,16150))
("Stalling",(71153,16150))
("Stalling",(71153,16150))
("Stalling",(71153,16150))
("Stalling",(71153,16150))
("Stalling",(71153,16150))
("Stalling",(71153,16150))
("Stalling",(71153,16150))
("Stalling",(71153,16150))
("Stalling",(71153,16150))
("Stalling",(71153,16150))
("Stalling",(71153,16150))
("Stalling",(71153,16150))
("Stalling",(71153,16150))
("Stalling",(71153,16150))
("Stalling",(71153,16150))
("Stalling",(71153,16150))
("Stalling",(71153,16150))
("Stalling",(71153,16150))
("Stalling",(71153,16150))
("Stalling",(71153,16150))
("Stalling",(71153,16150))
("Stalling",(71153,16150))
("Stalling",(71153,16150))
("Stalling",(71153,16150))
("Stalling",(71153,16150))
("Stalling",(71153,16150))
("Stalling",(71153,16150))
("Stalling",(71153,16150))
("Stalling",(71153,16150))
("Stalling",(71153,16150))
("Stalling",(71153,16150))
("Stalling",(71153,16150))
("Stalling",(71153,16150))
("Stalling",(71153,16150))
("Stalling",(71153,16150))
("Stalling",(71153,16150))
("Stalling",(71153,16150))
("Stalling",(71153,16150))
("Stalling",(71153,16150))
("Stalling",(71153,16150))
("Stalling",(71153,16150))
("Stalling",(71153,16150))
("Stalling",(71153,16150))
("Stalling",(71153,16150))
("Stalling",(71153,16150))
("Stalling",(71153,16150))
("Stalling",(71153,16150))
("Stalling",(71153,16150))
("Stalling",(71153,16150))
("Stalling",(71153,16150))
("Stalling",(71153,16150))
("Stalling",(71153,16150))
("Stalling",(71153,16150))
("Stalling",(71153,16150))
("Stalling",(71153,16150))
("Stalling",(71153,16150))
("Stalling",(71153,16150))
("Stalling",(71153,16150))
("Stalling",(71153,16150))
("Stalling",(71153,16150))
("Stalling",(71153,16150))
("Stalling",(71153,16150))
("Stalling",(71153,16150))
("Stalling",(71153,16150))
("Stalling",(71153,16150))
("Stalling",(71153,16150))
("Stalling",(71153,16150))
("Stalling",(71153,16150))
("Stalling",(71153,16150))
("Stalling",(71153,16150))
("Stalling",(71153,16150))
("Stalling",(71153,16150))
("Stalling",(71153,16150))
("Stalling",(71153,16150))
("Stalling",(71153,16150))
("Stalling",(71153,16150))
("Stalling",(71153,16150))
("Stalling",(71153,16150))
("Stalling",(71153,16150))
("Stalling",(71153,16150))
("Stalling",(71153,16150))
("Stalling",(71153,16150))
("Stalling",(71153,16150))
("Stalling",(71153,16150))
("Stalling",(71153,16150))
("Stalling",(71153,16150))
("Stalling",(71153,16150))
("Stalling",(71153,16150))
("Stalling",(71153,16150))
("Stalling",(71153,16150))
("Stalling",(71153,16150))
("Stalling",(71153,16150))
("Stalling",(71153,16150))
("Stalling",(71153,16150))
("Stalling",(71153,16150))
("Stalling",(71153,16150))
("Stalling",(71153,16150))
("Stalling",(71153,16150))
("Stalling",(71153,16150))
("Stalling",(71153,16150))
("Stalling",(71153,16150))
("Stalling",(71153,16150))
("Stalling",(71153,16150))
("Stalling",(71153,16150))
("Stalling",(71153,16150))
("Stalling",(71153,16150))
("Stalling",(71153,16150))
("Stalling",(71153,16150))
("Stalling",(71153,16150))
("Stalling",(71153,16150))
("Stalling",(71153,16150))
("Stalling",(71153,16150))
("Stalling",(71153,16150))
("Stalling",(71153,16150))
("Stalling",(71153,16150))
("Stalling",(71153,16150))
("Stalling",(71153,16150))
("Stalling",(71153,16150))
("Stalling",(71153,16150))
("Stalling",(71153,16150))
("Stalling",(71153,16150))
("Stalling",(71153,16150))
("Stalling",(71153,16150))
("Stalling",(71153,16150))
("Stalling",(71153,16150))
("Stalling",(71153,16150))
("Stalling",(71153,16150))
("Stalling",(71153,16150))
("Stalling",(71153,16150))
("Stalling",(71153,16150))
("Stalling",(71153,16150))
("Stalling",(71153,16150))
("Stalling",(71153,16150))
("Stalling",(71153,16150))
("Stalling",(71153,16150))
("Stalling",(71153,16150))
("Stalling",(71153,16150))
("Stalling",(71153,16150))
("Stalling",(71153,16150))
("Stalling",(71153,16150))
("Stalling",(71153,16150))
("Stalling",(71153,16150))
("Stalling",(71153,16150))
("Stalling",(71153,16150))
("Stalling",(71153,16150))
("Stalling",(71153,16150))
("Stalling",(71153,16150))
("Stalling",(71153,16150))
("Stalling",(71153,16150))
("Stalling",(71153,16150))
("Stalling",(71153,16150))
("Stalling",(71153,16150))
("Stalling",(71153,16150))
("Stalling",(71153,16150))
("Stalling",(71153,16150))
("Stalling",(71153,16150))
("Stalling",(71153,16150))
("Stalling",(71153,16150))
("Stalling",(71153,16150))
("Stalling",(71153,16150))
("Stalling",(71153,16150))
("Stalling",(71153,16150))
("Stalling",(71153,16150))
("Stalling",(71153,16150))
("Stalling",(71153,16150))
("Stalling",(71153,16150))
("Stalling",(71153,16150))
("Stalling",(71153,16150))
("Stalling",(71153,16150))
("Stalling",(71153,16150))
("Stalling",(71153,16150))
("Stalling",(71153,16150))
("Stalling",(71153,16150))
("Stalling",(71153,16150))
("Stalling",(71153,16150))
("Stalling",(71153,16150))
("Stalling",(71153,16150))
("Stalling",(71153,16150))
("Stalling",(71153,16150))
("Stalling",(71153,16150))
("Stalling",(71153,16150))
("Stalling",(71153,16150))
("Stalling",(71153,16150))
("Stalling",(71153,16150))
("Stalling",(71153,16150))
("Stalling",(71153,16150))
("Stalling",(71153,16150))
("Stalling",(71153,16150))
("Stalling",(71153,16150))
("Stalling",(71153,16150))
("Stalling",(71153,16150))
("Stalling",(71153,16150))
("Stalling",(71153,16150))
("Stalling",(71153,16150))
("Stalling",(71153,16150))
("Stalling",(71153,16150))
("Stalling",(71153,16150))
("Stalling",(71153,16150))
("Stalling",(71153,16150))
("Stalling",(71153,16150))
("Stalling",(71153,16150))
("Stalling",(71153,16150))
("Stalling",(71153,16150))
("Stalling",(71153,16150))
("Stalling",(71153,16150))
("Stalling",(71153,16150))
("Stalling",(71153,16150))
("Stalling",(71153,16150))
("Stalling",(71153,16150))
("Stalling",(71153,16150))
("Stalling",(71153,16150))
("Stalling",(71153,16150))
("Stalling",(71153,16150))
("Stalling",(71153,16150))
("Stalling",(71153,16150))
("Stalling",(71153,16150))
("Stalling",(71153,16150))
("Stalling",(71153,16150))
("Stalling",(71153,16150))
("Stalling",(71153,16150))
("Stalling",(71153,16150))
("Stalling",(71153,16150))
("Stalling",(71153,16150))
("Stalling",(71153,16150))
("Stalling",(71153,16150))
("Stalling",(71153,16150))
("Stalling",(71153,16150))
("Stalling",(71153,16150))
("Stalling",(71153,16150))
("Stalling",(71153,16150))
("Stalling",(71153,16150))
("Stalling",(71153,16150))
("Stalling",(71153,16150))
("Stalling",(71153,16150))
("Stalling",(71153,16150))
("Stalling",(71153,16150))
("Stalling",(71153,16150))
("Stalling",(71153,16150))
("Stalling",(71153,16150))
("Stalling",(71153,16150))
("Stalling",(71153,16150))
("Stalling",(71153,16150))
("Stalling",(71153,16150))
("Stalling",(71153,16150))
("Stalling",(71153,16150))
("Stalling",(71153,16150))
("Stalling",(71153,16150))
("Stalling",(71153,16150))
("Stalling",(71153,16150))
("Stalling",(71153,16150))
("Stalling",(71153,16150))
("Stalling",(71153,16150))
("Stalling",(71153,16150))
("Stalling",(71153,16150))
("Stalling",(71153,16150))
("Stalling",(71153,16150))
("Stalling",(71153,16150))
("Stalling",(71153,16150))
("Stalling",(71153,16150))
("Stalling",(71153,16150))
("Stalling",(71153,16150))
("Stalling",(71153,16150))
("Stalling",(71153,16150))
("Stalling",(71153,16150))
("Stalling",(71153,16150))
("Stalling",(71153,16150))
("Stalling",(71153,16150))
("Stalling",(71153,16150))
("Stalling",(71153,16150))
("Stalling",(71153,16150))
("Stalling",(71153,16150))
("Stalling",(71153,16150))
("Stalling",(71153,16150))
("Stalling",(71153,16150))
("Stalling",(71153,16150))
("Stalling",(71153,16150))
("Stalling",(71153,16150))
("Stalling",(71153,16150))
("Stalling",(71153,16150))
("Stalling",(71153,16150))
("Stalling",(71153,16150))
("Stalling",(71153,16150))
("Stalling",(71153,16150))
("Stalling",(71153,16150))
("Stalling",(71153,16150))
("Stalling",(71153,16150))
("Stalling",(71153,16150))
("Stalling",(71153,16150))
("Stalling",(71153,16150))
("Stalling",(71153,16150))
("Stalling",(71153,16150))
("Stalling",(71153,16150))
("Stalling",(71153,16150))
("Stalling",(71153,16150))
("Stalling",(71153,16150))
("Stalling",(71153,16150))
("Stalling",(71153,16150))
("Stalling",(71153,16150))
("Stalling",(71153,16150))
("Stalling",(71153,16150))
("Stalling",(71153,16150))
("Stalling",(71153,16150))
("Stalling",(71153,16150))
("Stalling",(71153,16150))
("Stalling",(71153,16150))
("Stalling",(71153,16150))
("Stalling",(71153,16150))
("Stalling",(71153,16150))
("Stalling",(71153,16150))
("Stalling",(71153,16150))
("Stalling",(71153,16150))
("Stalling",(71153,16150))
("Stalling",(71153,16150))
("Stalling",(71153,16150))
("Stalling",(71153,16150))
("Stalling",(71153,16150))
("Stalling",(71153,16150))
("Stalling",(71153,16150))
("Stalling",(71153,16150))
("Stalling",(71153,16150))
("Stalling",(71153,16150))
("Stalling",(71153,16150))
("Stalling",(71153,16150))
("Stalling",(71153,16150))
("Stalling",(71153,16150))
("Stalling",(71153,16150))
("Stalling",(71153,16150))
("Stalling",(71153,16150))
("Stalling",(71153,16150))
("Stalling",(71153,16150))
("Stalling",(71153,16150))
("Stalling",(71153,16150))
("Stalling",(71153,16150))
("Stalling",(71153,16150))
("Stalling",(71153,16150))
("Stalling",(71153,16150))
("Stalling",(71153,16150))
("Stalling",(71153,16150))
("Stalling",(71153,16150))
("Stalling",(71153,16150))
("Stalling",(71153,16150))
("Stalling",(71153,16150))
("Stalling",(71153,16150))
("Stalling",(71153,16150))
("Stalling",(71153,16150))
("Stalling",(71153,16150))
("Stalling",(71153,16150))
("Stalling",(71153,16150))
("Stalling",(71153,16150))
("Stalling",(71153,16150))
("Stalling",(71153,16150))
("Stalling",(71153,16150))
("Stalling",(71153,16150))
("Stalling",(71153,16150))
("Stalling",(71153,16150))
("Stalling",(71153,16150))
("Stalling",(71153,16150))
("Stalling",(71153,16150))
("Stalling",(71153,16150))
("Stalling",(71153,16150))
("Stalling",(71153,16150))
("Stalling",(71153,16150))
("Stalling",(71153,16150))
("Stalling",(71153,16150))
("Stalling",(71153,16150))
("Stalling",(71153,16150))
("Stalling",(71153,16150))
("Stalling",(71153,16150))
("Stalling",(71153,16150))
("Stalling",(71153,16150))
("Stalling",(71153,16150))
("Stalling",(71153,16150))
("Stalling",(71153,16150))
("Stalling",(71153,16150))
("Stalling",(71153,16150))
("Stalling",(71153,16150))
("Stalling",(71153,16150))
("Stalling",(71153,16150))
("Stalling",(71153,16150))
("Stalling",(71153,16150))
("Stalling",(71153,16150))
("Stalling",(71153,16150))
("Stalling",(71153,16150))
("Stalling",(71153,16150))
("Stalling",(71153,16150))
("Stalling",(71153,16150))
("Stalling",(71153,16150))
("Stalling",(71153,16150))
("Stalling",(71153,16150))
("Stalling",(71153,16150))
("Stalling",(71153,16150))
("Stalling",(71153,16150))
("Stalling",(71153,16150))
("Stalling",(71153,16150))
("Stalling",(71153,16150))
("Stalling",(71153,16150))
("Stalling",(71153,16150))
("Stalling",(71153,16150))
("Stalling",(71153,16150))
("Stalling",(71153,16150))
("Stalling",(71153,16150))
("Stalling",(71153,16150))
("Stalling",(71153,16150))
("Stalling",(71153,16150))
("Stalling",(71153,16150))
("Stalling",(71153,16150))
("Stalling",(71153,16150))
("Stalling",(71153,16150))
("Stalling",(71153,16150))
("Stalling",(71153,16150))
("Stalling",(71153,16150))
("Stalling",(71153,16150))
("Stalling",(71153,16150))
("Stalling",(71153,16150))
("Stalling",(71153,16150))
("Stalling",(71153,16150))
("Stalling",(71153,16150))
("Stalling",(71153,16150))
("Stalling",(71153,16150))
("Stalling",(71153,16150))
("Stalling",(71153,16150))
("Stalling",(71153,16150))
("Stalling",(71153,16150))
("Stalling",(71153,16150))
("Stalling",(71153,16150))
("Stalling",(71153,16150))
("Stalling",(71153,16150))
("Stalling",(71153,16150))
("Stalling",(71153,16150))
("Stalling",(71153,16150))
("Stalling",(71153,16150))
("Stalling",(71153,16150))
("Stalling",(71153,16150))
("Stalling",(71153,16150))
("Stalling",(71153,16150))
("Stalling",(71153,16150))
("Stalling",(71153,16150))
("Stalling",(71153,16150))
("Stalling",(71153,16150))
("Stalling",(71153,16150))
("Stalling",(71153,16150))
("Stalling",(71153,16150))
("Stalling",(71153,16150))
("Stalling",(71153,16150))
("Stalling",(71153,16150))
("Stalling",(71153,16150))
("Stalling",(71153,16150))
("Stalling",(71153,16150))
("Stalling",(71153,16150))
("Stalling",(71153,16150))
("Stalling",(71153,16150))
("Stalling",(71153,16150))
("Stalling",(71153,16150))
("Stalling",(71153,16150))
("Stalling",(71153,16150))
("Stalling",(71153,16150))
("Stalling",(71153,16150))
("Stalling",(71153,16150))
("Stalling",(71153,16150))
("Stalling",(71153,16150))
("Stalling",(71153,16150))
("Stalling",(71153,16150))
("Stalling",(71153,16150))
("Stalling",(71153,16150))
("Stalling",(71153,16150))
("Stalling",(71153,16150))
("Stalling",(71153,16150))
("Stalling",(71153,16150))
("Stalling",(71153,16150))
("Stalling",(71153,16150))
("Stalling",(71153,16150))
("Stalling",(71153,16150))
("Stalling",(71153,16150))
("Stalling",(71153,16150))
("Stalling",(71153,16150))
("Stalling",(71153,16150))
("Stalling",(71153,16150))
("Stalling",(71153,16150))
("Stalling",(71153,16150))
("Stalling",(71153,16150))
("Stalling",(71153,16150))
("Stalling",(71153,16150))
("Stalling",(71153,16150))
("Stalling",(71153,16150))
("Stalling",(71153,16150))
("Stalling",(71153,16150))
("Stalling",(71153,16150))
("Stalling",(71153,16150))
("Stalling",(71153,16150))
("Stalling",(71153,16150))
("Stalling",(71153,16150))
("Stalling",(71153,16150))
("Stalling",(71153,16150))
("Stalling",(71153,16150))
("Stalling",(71153,16150))
("Stalling",(71153,16150))
("Stalling",(71153,16150))
("Stalling",(71153,16150))
("Stalling",(71153,16150))
("Stalling",(71153,16150))
("Stalling",(71153,16150))
("Stalling",(71153,16150))
("Stalling",(71153,16150))
("Stalling",(71153,16150))
("Stalling",(71153,16150))
("Stalling",(71153,16150))
("Stalling",(71153,16150))
("Stalling",(71153,16150))
("Stalling",(71153,16150))
("Stalling",(71153,16150))
("Stalling",(71153,16150))
("Stalling",(71153,16150))
("Stalling",(71153,16150))
("Stalling",(71153,16150))
("Stalling",(71153,16150))
("Stalling",(71153,16150))
("Stalling",(71153,16150))
("Stalling",(71153,16150))
("Stalling",(71153,16150))
("Stalling",(71153,16150))
("Stalling",(71153,16150))
("Stalling",(71153,16150))
("Stalling",(71153,16150))
("Stalling",(71153,16150))
("Stalling",(71153,16150))
("Stalling",(71153,16150))
("Stalling",(71153,16150))
("Stalling",(71153,16150))
("Stalling",(71153,16150))
("Stalling",(71153,16150))
("Stalling",(71153,16150))
("Stalling",(71153,16150))
("Stalling",(71153,16150))
("Stalling",(71153,16150))
("Stalling",(71153,16150))
("Stalling",(71153,16150))
("Stalling",(71153,16150))
("Stalling",(71153,16150))
("Stalling",(71153,16150))
("Stalling",(71153,16150))
("Stalling",(71153,16150))
("Stalling",(71153,16150))
("Stalling",(71153,16150))
("Stalling",(71153,16150))
("Stalling",(71153,16150))
("Stalling",(71153,16150))
("Stalling",(71153,16150))
("Stalling",(71153,16150))
("Stalling",(71153,16150))
("Stalling",(71153,16150))
("Stalling",(71153,16150))
("Stalling",(71153,16150))
("Stalling",(71153,16150))
("Stalling",(71153,16150))
("Stalling",(71153,16150))
("Stalling",(71153,16150))
("Stalling",(71153,16150))
("Stalling",(71153,16150))
("Stalling",(71153,16150))
("Stalling",(71153,16150))
("Stalling",(71153,16150))
("Stalling",(71153,16150))
("Stalling",(71153,16150))
("Stalling",(71153,16150))
("Stalling",(71153,16150))
("Stalling",(71153,16150))
("Stalling",(71153,16150))
("Stalling",(71153,16150))
("Stalling",(71153,16150))
("Stalling",(71153,16150))
("Stalling",(71153,16150))
("Stalling",(71153,16150))
("Stalling",(71153,16150))
("Stalling",(71153,16150))
("Stalling",(71153,16150))
("Stalling",(71153,16150))
("Stalling",(71153,16150))
("Stalling",(71153,16150))
("Stalling",(71153,16150))
("Stalling",(71153,16150))
("Stalling",(71153,16150))
("Stalling",(71153,16150))
("Stalling",(71153,16150))
("Stalling",(71153,16150))
("Stalling",(71153,16150))
("Stalling",(71153,16150))
("Stalling",(71153,16150))
("Stalling",(71153,16150))
("Stalling",(71153,16150))
("Stalling",(71153,16150))
("Stalling",(71153,16150))
("Stalling",(71153,16150))
("Stalling",(71153,16150))
("Stalling",(71153,16150))
("Stalling",(71153,16150))
("Stalling",(71153,16150))
("Stalling",(71153,16150))
("Stalling",(71153,16150))
("Stalling",(71153,16150))
("Stalling",(71153,16150))
("Stalling",(71153,16150))
("Stalling",(71153,16150))
("Stalling",(71153,16150))
("Stalling",(71153,16150))
("Stalling",(71153,16150))
("Stalling",(71153,16150))
("Stalling",(71153,16150))
("Stalling",(71153,16150))
("Stalling",(71153,16150))
("Stalling",(71153,16150))
("Stalling",(71153,16150))
("Stalling",(71153,16150))
("Stalling",(71153,16150))
("Stalling",(71153,16150))
("Stalling",(71153,16150))
("Stalling",(71153,16150))
("Stalling",(71153,16150))
("Stalling",(71153,16150))
("Stalling",(71153,16150))
("Stalling",(71153,16150))
("Stalling",(71153,16150))
("Stalling",(71153,16150))
("Stalling",(71153,16150))
("Stalling",(71153,16150))
("Stalling",(71153,16150))
("Stalling",(71153,16150))
("Stalling",(71153,16150))
("Stalling",(71153,16150))
("Stalling",(71153,16150))
("Stalling",(71153,16150))
("Stalling",(71153,16150))
("Stalling",(71153,16150))
("Stalling",(71153,16150))
("Stalling",(71153,16150))
("Stalling",(71153,16150))
("Stalling",(71153,16150))
("Stalling",(71153,16150))
("Stalling",(71153,16150))
("Stalling",(71153,16150))
("Stalling",(71153,16150))
("Stalling",(71153,16150))
("Stalling",(71153,16150))
("Stalling",(71153,16150))
("Stalling",(71153,16150))
("Stalling",(71153,16150))
("Stalling",(71153,16150))
("Stalling",(71153,16150))
("Stalling",(71153,16150))
("Stalling",(71153,16150))
("Stalling",(71153,16150))
("Stalling",(71153,16150))
("Stalling",(71153,16150))
("Stalling",(71153,16150))
("Stalling",(71153,16150))
("Stalling",(71153,16150))
("Stalling",(71153,16150))
("Stalling",(71153,16150))
("Stalling",(71153,16150))
("Stalling",(71153,16150))
("Stalling",(71153,16150))
("Stalling",(71153,16150))
("Stalling",(71153,16150))
("Stalling",(71153,16150))
("Stalling",(71153,16150))
("Stalling",(71153,16150))
("Stalling",(71153,16150))
("Stalling",(71153,16150))
("Stalling",(71153,16150))
("Stalling",(71153,16150))
("Stalling",(71153,16150))
("Stalling",(71153,16150))
("Stalling",(71153,16150))
("Stalling",(71153,16150))
("Stalling",(71153,16150))
("Stalling",(71153,16150))
("Stalling",(71153,16150))
("Stalling",(71153,16150))
("Stalling",(71153,16150))
("Stalling",(71153,16150))
("Stalling",(71153,16150))
("Stalling",(71153,16150))
("Stalling",(71153,16150))
("Stalling",(71153,16150))
("Stalling",(71153,16150))
("Stalling",(71153,16150))
("Stalling",(71153,16150))
("Stalling",(71153,16150))
("Stalling",(71153,16150))
("Stalling",(71153,16150))
("Stalling",(71153,16150))
("Stalling",(71153,16150))
("Stalling",(71153,16150))
("Stalling",(71153,16150))
("Stalling",(71153,16150))
("Stalling",(71153,16150))
("Stalling",(71153,16150))
("Stalling",(71153,16150))
("Stalling",(71153,16150))
("Stalling",(71153,16150))
("Stalling",(71153,16150))
("Stalling",(71153,16150))
("Stalling",(71153,16150))
("Stalling",(71153,16150))
("Stalling",(71153,16150))
("Stalling",(71153,16150))
("Stalling",(71153,16150))
("Stalling",(71153,16150))
("Stalling",(71153,16150))
("Stalling",(71153,16150))
("Stalling",(71153,16150))
("Stalling",(71153,16150))
("Stalling",(71153,16150))
("Stalling",(71153,16150))
("Stalling",(71153,16150))
("Stalling",(71153,16150))
("Stalling",(71153,16150))
("Stalling",(71153,16150))
("Stalling",(71153,16150))
("Stalling",(71153,16150))
("Stalling",(71153,16150))
("Stalling",(71153,16150))
("Stalling",(71153,16150))
("Stalling",(71153,16150))
("Stalling",(71153,16150))
("Stalling",(71153,16150))
("Stalling",(71153,16150))
("Stalling",(71153,16150))
("Stalling",(71153,16150))
("Stalling",(71153,16150))
("Stalling",(71153,16150))
("Stalling",(71153,16150))
("Stalling",(71153,16150))
("Stalling",(71153,16150))
("Stalling",(71153,16150))
("Stalling",(71153,16150))
("Stalling",(71153,16150))
("Stalling",(71153,16150))
("Stalling",(71153,16150))
("Stalling",(71153,16150))
("Stalling",(71153,16150))
("Stalling",(71153,16150))
("Stalling",(71153,16150))
("Stalling",(71153,16150))
("Stalling",(71153,16150))
("Stalling",(71153,16150))
("Stalling",(71153,16150))
("Stalling",(71153,16150))
("Stalling",(71153,16150))
("Stalling",(71153,16150))
("Stalling",(71153,16150))
("Stalling",(71153,16150))
("Stalling",(71153,16150))
("Stalling",(71153,16150))
("Stalling",(71153,16150))
("Stalling",(71153,16150))
("Stalling",(71153,16150))
("Stalling",(71153,16150))
("Stalling",(71153,16150))
("Stalling",(71153,16150))
("Stalling",(71153,16150))
("Stalling",(71153,16150))
("Stalling",(71153,16150))
("Stalling",(71153,16150))
("Stalling",(71153,16150))
("Stalling",(71153,16150))
("Stalling",(71153,16150))
("Stalling",(71153,16150))
("Stalling",(71153,16150))
("Stalling",(71153,16150))
("Stalling",(71153,16150))
("Stalling",(71153,16150))
("Stalling",(71153,16150))
("Stalling",(71153,16150))
("Stalling",(71153,16150))
("Stalling",(71153,16150))
("Stalling",(71153,16150))
("Stalling",(71153,16150))
("Stalling",(71153,16150))
("Stalling",(71153,16150))
("Stalling",(71153,16150))
("Stalling",(71153,16150))
("Stalling",(71153,16150))
("Stalling",(71153,16150))
("Stalling",(71153,16150))
("Stalling",(71153,16150))
("Stalling",(71153,16150))
("Stalling",(71153,16150))
("Stalling",(71153,16150))
("Stalling",(71153,16150))
("Stalling",(71153,16150))
("Stalling",(71153,16150))
("Stalling",(71153,16150))
("Stalling",(71153,16150))
("Stalling",(71153,16150))
("Stalling",(71153,16150))
("Stalling",(71153,16150))
("Stalling",(71153,16150))
("Stalling",(71153,16150))
("Stalling",(71153,16150))
("Stalling",(71153,16150))
("Stalling",(71153,16150))
("Stalling",(71153,16150))
("Stalling",(71153,16150))
("Stalling",(71153,16150))
("Stalling",(71153,16150))
("Stalling",(71153,16150))
("Stalling",(71153,16150))
("Stalling",(71153,16150))
("Stalling",(71153,16150))
("Stalling",(71153,16150))
("Stalling",(71153,16150))
("Stalling",(71153,16150))
("Stalling",(71153,16150))
("Stalling",(71153,16150))
("Stalling",(71153,16150))
("Stalling",(71153,16150))
("Stalling",(71153,16150))
("Stalling",(71153,16150))
("Stalling",(71153,16150))
("Stalling",(71153,16150))
("Stalling",(71153,16150))
("Stalling",(71153,16150))
("Stalling",(71153,16150))
("Stalling",(71153,16150))
("Stalling",(71153,16150))
("Stalling",(71153,16150))
("Stalling",(71153,16150))
("Stalling",(71153,16150))
("Stalling",(71153,16150))
("Stalling",(71153,16150))
("Stalling",(71153,16150))
("Stalling",(71153,16150))
("Stalling",(71153,16150))
("Stalling",(71153,16150))
("Stalling",(71153,16150))
("Stalling",(71153,16150))
("Stalling",(71153,16150))
("Stalling",(71153,16150))
("Stalling",(71153,16150))
("Stalling",(71153,16150))
("Stalling",(71153,16150))
("Stalling",(71153,16150))
("Stalling",(71153,16150))
("Stalling",(71153,16150))
("Stalling",(71153,16150))
("Stalling",(71153,16150))
("Stalling",(71153,16150))
("Stalling",(71153,16150))
("Stalling",(71153,16150))
("Stalling",(71153,16150))
("Stalling",(71153,16150))
("Stalling",(71153,16150))
("Stalling",(71153,16150))
("Stalling",(71153,16150))
("Stalling",(71153,16150))
("Stalling",(71153,16150))
("Stalling",(71153,16150))
("Stalling",(71153,16150))
("Stalling",(71153,16150))
("Stalling",(71153,16150))
("Stalling",(71153,16150))
("Stalling",(71153,16150))
("Stalling",(71153,16150))
("Stalling",(71153,16150))
("Stalling",(71153,16150))
("Stalling",(71153,16150))
("Stalling",(71153,16150))
("Stalling",(71153,16150))
("Stalling",(71153,16150))
("Stalling",(71153,16150))
("Stalling",(71153,16150))
("Stalling",(71153,16150))
("Stalling",(71153,16150))
("Stalling",(71153,16150))
("Stalling",(71153,16150))
("Stalling",(71153,16150))
("Stalling",(71153,16150))
("Stalling",(71153,16150))
("Stalling",(71153,16150))
("Stalling",(71153,16150))
("Stalling",(71153,16150))
("Stalling",(71153,16150))
("Stalling",(71153,16150))
("Stalling",(71153,16150))
("Stalling",(71153,16150))
("Stalling",(71153,16150))
("Stalling",(71153,16150))
("Stalling",(71153,16150))
("Stalling",(71153,16150))
("Stalling",(71153,16150))
("Stalling",(71153,16150))
("Stalling",(71153,16150))
("Stalling",(71153,16150))
("Stalling",(71153,16150))
("Stalling",(71153,16150))
("Stalling",(71153,16150))
("Stalling",(71153,16150))
("Stalling",(71153,16150))
("Stalling",(71153,16150))
("Stalling",(71153,16150))
("Stalling",(71153,16150))
("Stalling",(71153,16150))
("Stalling",(71153,16150))
("Stalling",(71153,16150))
("Stalling",(71153,16150))
("Stalling",(71153,16150))
("Stalling",(71153,16150))
("Stalling",(71153,16150))
("Stalling",(71153,16150))
("Stalling",(71153,16150))
("Stalling",(71153,16150))
("Stalling",(71153,16150))
("Stalling",(71153,16150))
("Stalling",(71153,16150))
("Stalling",(71153,16150))
("Stalling",(71153,16150))
("Stalling",(71153,16150))
("Stalling",(71153,16150))
("Stalling",(71153,16150))
("Stalling",(71153,16150))
("Stalling",(71153,16150))
("Stalling",(71153,16150))
("Stalling",(71153,16150))
("Stalling",(71153,16150))
("Stalling",(71153,16150))
("Stalling",(71153,16150))
("Stalling",(71153,16150))
("Stalling",(71153,16150))
("Stalling",(71153,16150))
("Stalling",(71153,16150))
("Stalling",(71153,16150))
("Stalling",(71153,16150))
("Stalling",(71153,16150))
("Stalling",(71153,16150))
("Stalling",(71153,16150))
("Stalling",(71153,16150))
("Stalling",(71153,16150))
("Stalling",(71153,16150))
("Stalling",(71153,16150))
("Stalling",(71153,16150))
("Stalling",(71153,16150))
("Stalling",(71153,16150))
("Stalling",(71153,16150))
("Stalling",(71153,16150))
("Stalling",(71153,16150))
("Stalling",(71153,16150))
("Stalling",(71153,16150))
("Stalling",(71153,16150))
("Stalling",(71153,16150))
("Stalling",(71153,16150))
("Stalling",(71153,16150))
("Stalling",(71153,16150))
("Stalling",(71153,16150))
("Stalling",(71153,16150))
("Stalling",(71153,16150))
("Stalling",(71153,16150))
("Stalling",(71153,16150))
("Stalling",(71153,16150))
("Stalling",(71153,16150))
("Stalling",(71153,16150))
("Stalling",(71153,16150))
("Stalling",(71153,16150))
("Stalling",(71153,16150))
("Stalling",(71153,16150))
("Stalling",(71153,16150))
("Stalling",(71153,16150))
("Stalling",(71153,16150))
("Stalling",(71153,16150))
("Stalling",(71153,16150))
("Stalling",(71153,16150))
("Stalling",(71153,16150))
("Stalling",(71153,16150))
("Stalling",(71153,16150))
("Stalling",(71153,16150))
("Stalling",(71153,16150))
("Stalling",(71153,16150))
("Stalling",(71153,16150))
("Stalling",(71153,16150))
("Stalling",(71153,16150))
("Stalling",(71153,16150))
("Stalling",(71153,16150))
("Stalling",(71153,16150))
("Stalling",(71153,16150))
("Stalling",(71153,16150))
("Stalling",(71153,16150))
("Stalling",(71153,16150))
("Stalling",(71153,16150))
("Stalling",(71153,16150))
("Stalling",(71153,16150))
("Stalling",(71153,16150))
("Stalling",(71153,16150))
("Stalling",(71153,16150))
("Stalling",(71153,16150))
("Stalling",(71153,16150))
("Stalling",(71153,16150))
("Stalling",(71153,16150))
("Stalling",(71153,16150))
("Stalling",(71153,16150))
("Stalling",(71153,16150))
("Stalling",(71153,16150))
("Stalling",(71153,16150))
("Stalling",(71153,16150))
("Stalling",(71153,16150))
("Stalling",(71153,16150))
("Stalling",(71153,16150))
("Stalling",(71153,16150))
("Stalling",(71153,16150))
("Stalling",(71153,16150))
("Stalling",(71153,16150))
("Stalling",(71153,16150))
("Stalling",(71153,16150))
("Stalling",(71153,16150))
("Stalling",(71153,16150))
("Stalling",(71153,16150))
("Stalling",(71153,16150))
("Stalling",(71153,16150))
("Stalling",(71153,16150))
("Stalling",(71153,16150))
("Stalling",(71153,16150))
("Stalling",(71153,16150))
("Stalling",(71153,16150))
("Stalling",(71153,16150))
("Stalling",(71153,16150))
("Stalling",(71153,16150))
("Stalling",(71153,16150))
("Stalling",(71153,16150))
("Stalling",(71153,16150))
("Stalling",(71153,16150))
("Stalling",(71153,16150))
("Stalling",(71153,16150))
("Stalling",(71153,16150))
("Stalling",(71153,16150))
("Stalling",(71153,16150))
("Stalling",(71153,16150))
("Stalling",(71153,16150))
("Stalling",(71153,16150))
("Stalling",(71153,16150))
("Stalling",(71153,16150))
("Stalling",(71153,16150))
("Stalling",(71153,16150))
("Stalling",(71153,16150))
("Stalling",(71153,16150))
("Stalling",(71153,16150))
("Stalling",(71153,16150))
("Stalling",(71153,16150))
("Stalling",(71153,16150))
("Stalling",(71153,16150))
("Stalling",(71153,16150))
("Stalling",(71153,16150))
("Stalling",(71153,16150))
("Stalling",(71153,16150))
("Stalling",(71153,16150))
("Stalling",(71153,16150))
("Stalling",(71153,16150))
("Stalling",(71153,16150))
("Stalling",(71153,16150))
("Stalling",(71153,16150))
("Stalling",(71153,16150))
("Stalling",(71153,16150))
("Stalling",(71153,16150))
("Stalling",(71153,16150))
("Stalling",(71153,16150))
("Stalling",(71153,16150))
("Stalling",(71153,16150))
("Stalling",(71153,16150))
("Stalling",(71153,16150))
("Stalling",(71153,16150))
("Stalling",(71153,16150))
("Stalling",(71153,16150))
("Stalling",(71153,16150))
("Stalling",(71153,16150))
("Stalling",(71153,16150))
("Stalling",(71153,16150))
("Stalling",(71153,16150))
("Stalling",(71153,16150))
("Stalling",(71153,16150))
("Stalling",(71153,16150))
("Stalling",(71153,16150))
("Stalling",(71153,16150))
("Stalling",(71153,16150))
("Stalling",(71153,16150))
("Stalling",(71153,16150))
("Stalling",(71153,16150))
("Stalling",(71153,16150))
("Stalling",(71153,16150))
("Stalling",(71153,16150))
("Stalling",(71153,16150))
("Stalling",(71153,16150))
("Stalling",(71153,16150))
("Stalling",(71153,16150))
("Stalling",(71153,16150))
("Stalling",(71153,16150))
("Stalling",(71153,16150))
("Stalling",(71153,16150))
("Stalling",(71153,16150))
("Stalling",(71153,16150))
("Stalling",(71153,16150))
("Stalling",(71153,16150))
("Stalling",(71153,16150))
("Stalling",(71153,16150))
("Stalling",(71153,16150))
("Stalling",(71153,16150))
("Stalling",(71153,16150))
("Stalling",(71153,16150))
("Stalling",(71153,16150))
("Stalling",(71153,16150))
("Stalling",(71153,16150))
("Stalling",(71153,16150))
("Stalling",(71153,16150))
("Stalling",(71153,16150))
("Stalling",(71153,16150))
("Stalling",(71153,16150))
("Stalling",(71153,16150))
("Stalling",(71153,16150))
("Stalling",(71153,16150))
("Stalling",(71153,16150))
("Stalling",(71153,16150))
("Stalling",(71153,16150))
("Stalling",(71153,16150))
("Stalling",(71153,16150))
("Stalling",(71153,16150))
("Stalling",(71153,16150))
("Stalling",(71153,16150))
("Stalling",(71153,16150))
("Stalling",(71153,16150))
("Stalling",(71153,16150))
("Stalling",(71153,16150))
("Stalling",(71153,16150))
("Stalling",(71153,16150))
("Stalling",(71153,16150))
("Stalling",(71153,16150))
("Stalling",(71153,16150))
("Stalling",(71153,16150))
("Stalling",(71153,16150))
("Stalling",(71153,16150))
("Stalling",(71153,16150))
("Stalling",(71153,16150))
("Stalling",(71153,16150))
("Stalling",(71153,16150))
("Stalling",(71153,16150))
("Stalling",(71153,16150))
("Stalling",(71153,16150))
("Stalling",(71153,16150))
("Stalling",(71153,16150))
("Stalling",(71153,16150))
("Stalling",(71153,16150))
("Stalling",(71153,16150))
("Stalling",(71153,16150))
("Stalling",(71153,16150))
("Stalling",(71153,16150))
("Stalling",(71153,16150))
("Stalling",(71153,16150))
("Stalling",(71153,16150))
("Stalling",(71153,16150))
("Stalling",(71153,16150))
("Stalling",(71153,16150))
("Stalling",(71153,16150))
("Stalling",(71153,16150))
("Stalling",(71153,16150))
("Stalling",(71153,16150))
("Stalling",(71153,16150))
("Stalling",(71153,16150))
("Stalling",(71153,16150))
("Stalling",(71153,16150))
("Stalling",(71153,16150))
("Stalling",(71153,16150))
("Stalling",(71153,16150))
("Stalling",(71153,16150))
("Stalling",(71153,16150))
("Stalling",(71153,16150))
("Stalling",(71153,16150))
("Stalling",(71153,16150))
("Stalling",(71153,16150))
("Stalling",(71153,16150))
("Stalling",(71153,16150))
("Stalling",(71153,16150))
("Stalling",(71153,16150))
("Stalling",(71153,16150))
("Stalling",(71153,16150))
("Stalling",(71153,16150))
("Stalling",(71153,16150))
("Stalling",(71153,16150))
("Stalling",(71153,16150))
("Stalling",(71153,16150))
("Stalling",(71153,16150))
("Stalling",(71153,16150))
("Stalling",(71153,16150))
("Stalling",(71153,16150))
("Stalling",(71153,16150))
("Stalling",(71153,16150))
("Stalling",(71153,16150))
("Stalling",(71153,16150))
("Stalling",(71153,16150))
("Stalling",(71153,16150))
("Stalling",(71153,16150))
("Stalling",(71153,16150))
("Stalling",(71153,16150))
("Stalling",(71153,16150))
("Stalling",(71153,16150))
("Stalling",(71153,16150))
("Stalling",(71153,16150))
("Stalling",(71153,16150))
("Stalling",(71153,16150))
("Stalling",(71153,16150))
("Stalling",(71153,16150))
("Stalling",(71153,16150))
("Stalling",(71153,16150))
("Stalling",(71153,16150))
("Stalling",(71153,16150))
("Stalling",(71153,16150))
("Stalling",(71153,16150))
("Stalling",(71153,16150))
("Stalling",(71153,16150))
("Stalling",(71153,16150))
("Stalling",(71153,16150))
("Stalling",(71153,16150))
("Stalling",(71153,16150))
("Stalling",(71153,16150))
("Stalling",(71153,16150))
("Stalling",(71153,16150))
("Stalling",(71153,16150))
("Stalling",(71153,16150))
("Stalling",(71153,16150))
("Stalling",(71153,16150))
("Stalling",(71153,16150))
("Stalling",(71153,16150))
("Stalling",(71153,16150))
("Stalling",(71153,16150))
("Stalling",(71153,16150))
("Stalling",(71153,16150))
("Stalling",(71153,16150))
("Stalling",(71153,16150))
("Stalling",(71153,16150))
("Stalling",(71153,16150))
("Stalling",(71153,16150))
("Stalling",(71153,16150))
("Stalling",(71153,16150))
("Stalling",(71153,16150))
("Stalling",(71153,16150))
("Stalling",(71153,16150))
("Stalling",(71153,16150))
("Stalling",(71153,16150))
("Stalling",(71153,16150))
("Stalling",(71153,16150))
("Stalling",(71153,16150))
("Stalling",(71153,16150))
("Stalling",(71153,16150))
("Stalling",(71153,16150))
("Stalling",(71153,16150))
("Stalling",(71153,16150))
("Stalling",(71153,16150))
